default account===============> 0x8284bf4CCA2fb1c691Faf81f14B690AB9d7e8fbE
Success ==================================== 
default account===============> 0x8284bf4CCA2fb1c691Faf81f14B690AB9d7e8fbE
Success ==================================== 
default account===============> 0x8284bf4CCA2fb1c691Faf81f14B690AB9d7e8fbE
Success ==================================== 
default account===============> 0x8284bf4CCA2fb1c691Faf81f14B690AB9d7e8fbE
Success ==================================== 
default account===============> 0x8284bf4CCA2fb1c691Faf81f14B690AB9d7e8fbE
Success ==================================== 
default account===============> 0x8284bf4CCA2fb1c691Faf81f14B690AB9d7e8fbE
Success ==================================== 
default account===============> 0x8284bf4CCA2fb1c691Faf81f14B690AB9d7e8fbE
Success ==================================== 
default account===============> 0x8284bf4CCA2fb1c691Faf81f14B690AB9d7e8fbE
Success ==================================== 
default account===============> 0x8284bf4CCA2fb1c691Faf81f14B690AB9d7e8fbE
Success ==================================== 
default account===============> 0x8284bf4CCA2fb1c691Faf81f14B690AB9d7e8fbE
Success ==================================== 
default account===============> 0x8284bf4CCA2fb1c691Faf81f14B690AB9d7e8fbE
BigNumber.toString does not accept any parameters; base-10 is assumed
Error ===================================  Error: Returned error: execution reverted: Only admins can call this
    at Object.ErrorResponse (/Users/hyun/dev/catmousegame/node-server/node_modules/web3-core-helpers/lib/errors.js:28:19)
    at Object.callback (/Users/hyun/dev/catmousegame/node-server/node_modules/web3-core-requestmanager/lib/index.js:302:36)
    at /Users/hyun/dev/catmousegame/node-server/node_modules/web3-providers-ws/lib/index.js:114:45
    at Array.forEach (<anonymous>)
    at WebsocketProvider._onMessage (/Users/hyun/dev/catmousegame/node-server/node_modules/web3-providers-ws/lib/index.js:102:69)
    at W3CWebSocket._dispatchEvent [as dispatchEvent] (/Users/hyun/dev/catmousegame/node-server/node_modules/yaeti/lib/EventTarget.js:115:12)
    at W3CWebSocket.onMessage (/Users/hyun/dev/catmousegame/node-server/node_modules/websocket/lib/W3CWebSocket.js:234:14)
    at WebSocketConnection.<anonymous> (/Users/hyun/dev/catmousegame/node-server/node_modules/websocket/lib/W3CWebSocket.js:205:19)
    at WebSocketConnection.emit (node:events:390:28)
    at WebSocketConnection.processFrame (/Users/hyun/dev/catmousegame/node-server/node_modules/websocket/lib/WebSocketConnection.js:554:26)
    at /Users/hyun/dev/catmousegame/node-server/node_modules/websocket/lib/WebSocketConnection.js:323:40
    at processTicksAndRejections (node:internal/process/task_queues:78:11) {
  data: '0x08c379a0000000000000000000000000000000000000000000000000000000000000002000000000000000000000000000000000000000000000000000000000000000194f6e6c792061646d696e732063616e2063616c6c207468697300000000000000'
}
default account===============> 0x8284bf4CCA2fb1c691Faf81f14B690AB9d7e8fbE
INCREMENTED COMMIT ID
BigNumber.toString does not accept any parameters; base-10 is assumed
UPDATED RANDOM SEED
Success ==================================== 
default account===============> 0x8284bf4CCA2fb1c691Faf81f14B690AB9d7e8fbE
BigNumber.toString does not accept any parameters; base-10 is assumed
Error ===================================  Error: Returned error: nonce too low
    at Object.ErrorResponse (/Users/hyun/dev/catmousegame/node-server/node_modules/web3-core-helpers/lib/errors.js:28:19)
    at Object.callback (/Users/hyun/dev/catmousegame/node-server/node_modules/web3-core-requestmanager/lib/index.js:302:36)
    at /Users/hyun/dev/catmousegame/node-server/node_modules/web3-providers-ws/lib/index.js:114:45
    at Array.forEach (<anonymous>)
    at WebsocketProvider._onMessage (/Users/hyun/dev/catmousegame/node-server/node_modules/web3-providers-ws/lib/index.js:102:69)
    at W3CWebSocket._dispatchEvent [as dispatchEvent] (/Users/hyun/dev/catmousegame/node-server/node_modules/yaeti/lib/EventTarget.js:115:12)
    at W3CWebSocket.onMessage (/Users/hyun/dev/catmousegame/node-server/node_modules/websocket/lib/W3CWebSocket.js:234:14)
    at WebSocketConnection.<anonymous> (/Users/hyun/dev/catmousegame/node-server/node_modules/websocket/lib/W3CWebSocket.js:205:19)
    at WebSocketConnection.emit (node:events:390:28)
    at WebSocketConnection.processFrame (/Users/hyun/dev/catmousegame/node-server/node_modules/websocket/lib/WebSocketConnection.js:554:26)
    at /Users/hyun/dev/catmousegame/node-server/node_modules/websocket/lib/WebSocketConnection.js:323:40
    at processTicksAndRejections (node:internal/process/task_queues:78:11) {
  data: null
}
default account===============> 0x8284bf4CCA2fb1c691Faf81f14B690AB9d7e8fbE
INCREMENTED COMMIT ID
BigNumber.toString does not accept any parameters; base-10 is assumed
UPDATED RANDOM SEED
Success ==================================== 
default account===============> 0x8284bf4CCA2fb1c691Faf81f14B690AB9d7e8fbE
INCREMENTED COMMIT ID
BigNumber.toString does not accept any parameters; base-10 is assumed
UPDATED RANDOM SEED
Success ==================================== 
default account===============> 0x8284bf4CCA2fb1c691Faf81f14B690AB9d7e8fbE
INCREMENTED COMMIT ID
BigNumber.toString does not accept any parameters; base-10 is assumed
UPDATED RANDOM SEED
Success ==================================== 
default account===============> 0x8284bf4CCA2fb1c691Faf81f14B690AB9d7e8fbE
INCREMENTED COMMIT ID
BigNumber.toString does not accept any parameters; base-10 is assumed
UPDATED RANDOM SEED
Success ==================================== 
default account===============> 0x8284bf4CCA2fb1c691Faf81f14B690AB9d7e8fbE
INCREMENTED COMMIT ID
BigNumber.toString does not accept any parameters; base-10 is assumed
UPDATED RANDOM SEED
Success ==================================== 
default account===============> 0x8284bf4CCA2fb1c691Faf81f14B690AB9d7e8fbE
INCREMENTED COMMIT ID
BigNumber.toString does not accept any parameters; base-10 is assumed
UPDATED RANDOM SEED
Success ==================================== 
default account===============> 0x8284bf4CCA2fb1c691Faf81f14B690AB9d7e8fbE
INCREMENTED COMMIT ID
BigNumber.toString does not accept any parameters; base-10 is assumed
UPDATED RANDOM SEED
Success ==================================== 
default account===============> 0x8284bf4CCA2fb1c691Faf81f14B690AB9d7e8fbE
INCREMENTED COMMIT ID
BigNumber.toString does not accept any parameters; base-10 is assumed
UPDATED RANDOM SEED
Success ==================================== 
default account===============> 0x8284bf4CCA2fb1c691Faf81f14B690AB9d7e8fbE
INCREMENTED COMMIT ID
BigNumber.toString does not accept any parameters; base-10 is assumed
UPDATED RANDOM SEED
Success ==================================== 
default account===============> 0x8284bf4CCA2fb1c691Faf81f14B690AB9d7e8fbE
INCREMENTED COMMIT ID
BigNumber.toString does not accept any parameters; base-10 is assumed
UPDATED RANDOM SEED
Success ==================================== 
default account===============> 0x8284bf4CCA2fb1c691Faf81f14B690AB9d7e8fbE
INCREMENTED COMMIT ID
BigNumber.toString does not accept any parameters; base-10 is assumed
UPDATED RANDOM SEED
Success ==================================== 
default account===============> 0x8284bf4CCA2fb1c691Faf81f14B690AB9d7e8fbE
INCREMENTED COMMIT ID
BigNumber.toString does not accept any parameters; base-10 is assumed
UPDATED RANDOM SEED
Success ==================================== 
default account===============> 0x8284bf4CCA2fb1c691Faf81f14B690AB9d7e8fbE
INCREMENTED COMMIT ID
BigNumber.toString does not accept any parameters; base-10 is assumed
UPDATED RANDOM SEED
Success ==================================== 
default account===============> 0x8284bf4CCA2fb1c691Faf81f14B690AB9d7e8fbE
INCREMENTED COMMIT ID
BigNumber.toString does not accept any parameters; base-10 is assumed
UPDATED RANDOM SEED
Success ==================================== 
default account===============> 0x8284bf4CCA2fb1c691Faf81f14B690AB9d7e8fbE
INCREMENTED COMMIT ID
BigNumber.toString does not accept any parameters; base-10 is assumed
UPDATED RANDOM SEED
Success ==================================== 
default account===============> 0x8284bf4CCA2fb1c691Faf81f14B690AB9d7e8fbE
INCREMENTED COMMIT ID
BigNumber.toString does not accept any parameters; base-10 is assumed
UPDATED RANDOM SEED
Success ==================================== 
default account===============> 0x8284bf4CCA2fb1c691Faf81f14B690AB9d7e8fbE
INCREMENTED COMMIT ID
BigNumber.toString does not accept any parameters; base-10 is assumed
UPDATED RANDOM SEED
Success ==================================== 
default account===============> 0x8284bf4CCA2fb1c691Faf81f14B690AB9d7e8fbE
INCREMENTED COMMIT ID
BigNumber.toString does not accept any parameters; base-10 is assumed
UPDATED RANDOM SEED
Success ==================================== 
default account===============> 0x8284bf4CCA2fb1c691Faf81f14B690AB9d7e8fbE
INCREMENTED COMMIT ID
BigNumber.toString does not accept any parameters; base-10 is assumed
UPDATED RANDOM SEED
Success ==================================== 
default account===============> 0x8284bf4CCA2fb1c691Faf81f14B690AB9d7e8fbE
INCREMENTED COMMIT ID
BigNumber.toString does not accept any parameters; base-10 is assumed
UPDATED RANDOM SEED
Success ==================================== 
default account===============> 0x8284bf4CCA2fb1c691Faf81f14B690AB9d7e8fbE
INCREMENTED COMMIT ID
BigNumber.toString does not accept any parameters; base-10 is assumed
UPDATED RANDOM SEED
Success ==================================== 
default account===============> 0x8284bf4CCA2fb1c691Faf81f14B690AB9d7e8fbE
INCREMENTED COMMIT ID
BigNumber.toString does not accept any parameters; base-10 is assumed
UPDATED RANDOM SEED
Success ==================================== 
default account===============> 0x8284bf4CCA2fb1c691Faf81f14B690AB9d7e8fbE
INCREMENTED COMMIT ID
BigNumber.toString does not accept any parameters; base-10 is assumed
UPDATED RANDOM SEED
Success ==================================== 
default account===============> 0x8284bf4CCA2fb1c691Faf81f14B690AB9d7e8fbE
INCREMENTED COMMIT ID
BigNumber.toString does not accept any parameters; base-10 is assumed
UPDATED RANDOM SEED
Success ==================================== 
default account===============> 0x8284bf4CCA2fb1c691Faf81f14B690AB9d7e8fbE
INCREMENTED COMMIT ID
BigNumber.toString does not accept any parameters; base-10 is assumed
UPDATED RANDOM SEED
Success ==================================== 
default account===============> 0x8284bf4CCA2fb1c691Faf81f14B690AB9d7e8fbE
INCREMENTED COMMIT ID
BigNumber.toString does not accept any parameters; base-10 is assumed
UPDATED RANDOM SEED
Success ==================================== 
default account===============> 0x8284bf4CCA2fb1c691Faf81f14B690AB9d7e8fbE
INCREMENTED COMMIT ID
BigNumber.toString does not accept any parameters; base-10 is assumed
UPDATED RANDOM SEED
Success ==================================== 
default account===============> 0x8284bf4CCA2fb1c691Faf81f14B690AB9d7e8fbE
INCREMENTED COMMIT ID
BigNumber.toString does not accept any parameters; base-10 is assumed
UPDATED RANDOM SEED
Success ==================================== 
default account===============> 0x8284bf4CCA2fb1c691Faf81f14B690AB9d7e8fbE
INCREMENTED COMMIT ID
BigNumber.toString does not accept any parameters; base-10 is assumed
UPDATED RANDOM SEED
Success ==================================== 
default account===============> 0x8284bf4CCA2fb1c691Faf81f14B690AB9d7e8fbE
INCREMENTED COMMIT ID
BigNumber.toString does not accept any parameters; base-10 is assumed
UPDATED RANDOM SEED
Success ==================================== 
default account===============> 0x78352D404896602b1A5fE58781EBaC4f6d7211C7
Success ==================================== 
default account===============> 0x78352D404896602b1A5fE58781EBaC4f6d7211C7
Success ==================================== 
default account===============> 0x78352D404896602b1A5fE58781EBaC4f6d7211C7
Success ==================================== 
default account===============> 0x78352D404896602b1A5fE58781EBaC4f6d7211C7
Success ==================================== 
default account===============> 0x78352D404896602b1A5fE58781EBaC4f6d7211C7
Success ==================================== 
default account===============> 0x78352D404896602b1A5fE58781EBaC4f6d7211C7
Success ==================================== 
default account===============> 0x78352D404896602b1A5fE58781EBaC4f6d7211C7
Success ==================================== 
default account===============> 0x78352D404896602b1A5fE58781EBaC4f6d7211C7
Success ==================================== 
default account===============> 0x78352D404896602b1A5fE58781EBaC4f6d7211C7
Success ==================================== 
default account===============> 0x78352D404896602b1A5fE58781EBaC4f6d7211C7
Success ==================================== 
default account===============> 0x78352D404896602b1A5fE58781EBaC4f6d7211C7
Success ==================================== 
default account===============> 0x78352D404896602b1A5fE58781EBaC4f6d7211C7
Success ==================================== 
default account===============> 0x78352D404896602b1A5fE58781EBaC4f6d7211C7
Success ==================================== 
default account===============> 0x78352D404896602b1A5fE58781EBaC4f6d7211C7
INCREMENTED COMMIT ID
BigNumber.toString does not accept any parameters; base-10 is assumed
UPDATED RANDOM SEED
Success ==================================== 
default account===============> 0x78352D404896602b1A5fE58781EBaC4f6d7211C7
INCREMENTED COMMIT ID
BigNumber.toString does not accept any parameters; base-10 is assumed
UPDATED RANDOM SEED
Success ==================================== 
default account===============> 0x78352D404896602b1A5fE58781EBaC4f6d7211C7
BigNumber.toString does not accept any parameters; base-10 is assumed
Error ===================================  Error: Returned error: replacement transaction underpriced
    at Object.ErrorResponse (/Users/hyun/dev/catmousegame/node-server/node_modules/web3-core-helpers/lib/errors.js:28:19)
    at Object.callback (/Users/hyun/dev/catmousegame/node-server/node_modules/web3-core-requestmanager/lib/index.js:302:36)
    at /Users/hyun/dev/catmousegame/node-server/node_modules/web3-providers-ws/lib/index.js:114:45
    at Array.forEach (<anonymous>)
    at WebsocketProvider._onMessage (/Users/hyun/dev/catmousegame/node-server/node_modules/web3-providers-ws/lib/index.js:102:69)
    at W3CWebSocket._dispatchEvent [as dispatchEvent] (/Users/hyun/dev/catmousegame/node-server/node_modules/yaeti/lib/EventTarget.js:115:12)
    at W3CWebSocket.onMessage (/Users/hyun/dev/catmousegame/node-server/node_modules/websocket/lib/W3CWebSocket.js:234:14)
    at WebSocketConnection.<anonymous> (/Users/hyun/dev/catmousegame/node-server/node_modules/websocket/lib/W3CWebSocket.js:205:19)
    at WebSocketConnection.emit (node:events:390:28)
    at WebSocketConnection.processFrame (/Users/hyun/dev/catmousegame/node-server/node_modules/websocket/lib/WebSocketConnection.js:554:26)
    at /Users/hyun/dev/catmousegame/node-server/node_modules/websocket/lib/WebSocketConnection.js:323:40
    at processTicksAndRejections (node:internal/process/task_queues:78:11) {
  data: null
}
default account===============> 0x78352D404896602b1A5fE58781EBaC4f6d7211C7
INCREMENTED COMMIT ID
BigNumber.toString does not accept any parameters; base-10 is assumed
UPDATED RANDOM SEED
Success ==================================== 
default account===============> 0x78352D404896602b1A5fE58781EBaC4f6d7211C7
INCREMENTED COMMIT ID
BigNumber.toString does not accept any parameters; base-10 is assumed
UPDATED RANDOM SEED
Success ==================================== 
default account===============> 0x78352D404896602b1A5fE58781EBaC4f6d7211C7
INCREMENTED COMMIT ID
BigNumber.toString does not accept any parameters; base-10 is assumed
UPDATED RANDOM SEED
Success ==================================== 
default account===============> 0x78352D404896602b1A5fE58781EBaC4f6d7211C7
INCREMENTED COMMIT ID
BigNumber.toString does not accept any parameters; base-10 is assumed
UPDATED RANDOM SEED
Success ==================================== 
default account===============> 0x78352D404896602b1A5fE58781EBaC4f6d7211C7
INCREMENTED COMMIT ID
BigNumber.toString does not accept any parameters; base-10 is assumed
UPDATED RANDOM SEED
Success ==================================== 
default account===============> 0x78352D404896602b1A5fE58781EBaC4f6d7211C7
INCREMENTED COMMIT ID
BigNumber.toString does not accept any parameters; base-10 is assumed
UPDATED RANDOM SEED
Success ==================================== 
default account===============> 0x78352D404896602b1A5fE58781EBaC4f6d7211C7
INCREMENTED COMMIT ID
BigNumber.toString does not accept any parameters; base-10 is assumed
UPDATED RANDOM SEED
Success ==================================== 
default account===============> 0x78352D404896602b1A5fE58781EBaC4f6d7211C7
INCREMENTED COMMIT ID
BigNumber.toString does not accept any parameters; base-10 is assumed
UPDATED RANDOM SEED
Success ==================================== 
default account===============> 0x78352D404896602b1A5fE58781EBaC4f6d7211C7
Success ==================================== 
default account===============> 0x78352D404896602b1A5fE58781EBaC4f6d7211C7
Success ==================================== 
default account===============> 0x78352D404896602b1A5fE58781EBaC4f6d7211C7
BigNumber.toString does not accept any parameters; base-10 is assumed
Error ===================================  Error: Returned error: replacement transaction underpriced
    at Object.ErrorResponse (/Users/hyun/dev/catmousegame/node-server/node_modules/web3-core-helpers/lib/errors.js:28:19)
    at Object.callback (/Users/hyun/dev/catmousegame/node-server/node_modules/web3-core-requestmanager/lib/index.js:302:36)
    at /Users/hyun/dev/catmousegame/node-server/node_modules/web3-providers-ws/lib/index.js:114:45
    at Array.forEach (<anonymous>)
    at WebsocketProvider._onMessage (/Users/hyun/dev/catmousegame/node-server/node_modules/web3-providers-ws/lib/index.js:102:69)
    at W3CWebSocket._dispatchEvent [as dispatchEvent] (/Users/hyun/dev/catmousegame/node-server/node_modules/yaeti/lib/EventTarget.js:115:12)
    at W3CWebSocket.onMessage (/Users/hyun/dev/catmousegame/node-server/node_modules/websocket/lib/W3CWebSocket.js:234:14)
    at WebSocketConnection.<anonymous> (/Users/hyun/dev/catmousegame/node-server/node_modules/websocket/lib/W3CWebSocket.js:205:19)
    at WebSocketConnection.emit (node:events:390:28)
    at WebSocketConnection.processFrame (/Users/hyun/dev/catmousegame/node-server/node_modules/websocket/lib/WebSocketConnection.js:554:26)
    at /Users/hyun/dev/catmousegame/node-server/node_modules/websocket/lib/WebSocketConnection.js:323:40
    at processTicksAndRejections (node:internal/process/task_queues:78:11) {
  data: null
}
default account===============> 0x78352D404896602b1A5fE58781EBaC4f6d7211C7
INCREMENTED COMMIT ID
BigNumber.toString does not accept any parameters; base-10 is assumed
UPDATED RANDOM SEED
Success ==================================== 
default account===============> 0x78352D404896602b1A5fE58781EBaC4f6d7211C7
INCREMENTED COMMIT ID
BigNumber.toString does not accept any parameters; base-10 is assumed
UPDATED RANDOM SEED
Success ==================================== 
default account===============> 0x78352D404896602b1A5fE58781EBaC4f6d7211C7
BigNumber.toString does not accept any parameters; base-10 is assumed
Error ===================================  Error: Returned error: replacement transaction underpriced
    at Object.ErrorResponse (/Users/hyun/dev/catmousegame/node-server/node_modules/web3-core-helpers/lib/errors.js:28:19)
    at Object.callback (/Users/hyun/dev/catmousegame/node-server/node_modules/web3-core-requestmanager/lib/index.js:302:36)
    at /Users/hyun/dev/catmousegame/node-server/node_modules/web3-providers-ws/lib/index.js:114:45
    at Array.forEach (<anonymous>)
    at WebsocketProvider._onMessage (/Users/hyun/dev/catmousegame/node-server/node_modules/web3-providers-ws/lib/index.js:102:69)
    at W3CWebSocket._dispatchEvent [as dispatchEvent] (/Users/hyun/dev/catmousegame/node-server/node_modules/yaeti/lib/EventTarget.js:115:12)
    at W3CWebSocket.onMessage (/Users/hyun/dev/catmousegame/node-server/node_modules/websocket/lib/W3CWebSocket.js:234:14)
    at WebSocketConnection.<anonymous> (/Users/hyun/dev/catmousegame/node-server/node_modules/websocket/lib/W3CWebSocket.js:205:19)
    at WebSocketConnection.emit (node:events:390:28)
    at WebSocketConnection.processFrame (/Users/hyun/dev/catmousegame/node-server/node_modules/websocket/lib/WebSocketConnection.js:554:26)
    at /Users/hyun/dev/catmousegame/node-server/node_modules/websocket/lib/WebSocketConnection.js:323:40
    at processTicksAndRejections (node:internal/process/task_queues:78:11) {
  data: null
}
default account===============> 0x78352D404896602b1A5fE58781EBaC4f6d7211C7
INCREMENTED COMMIT ID
BigNumber.toString does not accept any parameters; base-10 is assumed
UPDATED RANDOM SEED
Success ==================================== 
default account===============> 0x78352D404896602b1A5fE58781EBaC4f6d7211C7
BigNumber.toString does not accept any parameters; base-10 is assumed
Error ===================================  Error: Returned error: replacement transaction underpriced
    at Object.ErrorResponse (/Users/hyun/dev/catmousegame/node-server/node_modules/web3-core-helpers/lib/errors.js:28:19)
    at Object.callback (/Users/hyun/dev/catmousegame/node-server/node_modules/web3-core-requestmanager/lib/index.js:302:36)
    at /Users/hyun/dev/catmousegame/node-server/node_modules/web3-providers-ws/lib/index.js:114:45
    at Array.forEach (<anonymous>)
    at WebsocketProvider._onMessage (/Users/hyun/dev/catmousegame/node-server/node_modules/web3-providers-ws/lib/index.js:102:69)
    at W3CWebSocket._dispatchEvent [as dispatchEvent] (/Users/hyun/dev/catmousegame/node-server/node_modules/yaeti/lib/EventTarget.js:115:12)
    at W3CWebSocket.onMessage (/Users/hyun/dev/catmousegame/node-server/node_modules/websocket/lib/W3CWebSocket.js:234:14)
    at WebSocketConnection.<anonymous> (/Users/hyun/dev/catmousegame/node-server/node_modules/websocket/lib/W3CWebSocket.js:205:19)
    at WebSocketConnection.emit (node:events:390:28)
    at WebSocketConnection.processFrame (/Users/hyun/dev/catmousegame/node-server/node_modules/websocket/lib/WebSocketConnection.js:554:26)
    at /Users/hyun/dev/catmousegame/node-server/node_modules/websocket/lib/WebSocketConnection.js:323:40
    at processTicksAndRejections (node:internal/process/task_queues:78:11) {
  data: null
}
default account===============> 0x78352D404896602b1A5fE58781EBaC4f6d7211C7
INCREMENTED COMMIT ID
BigNumber.toString does not accept any parameters; base-10 is assumed
UPDATED RANDOM SEED
Success ==================================== 
default account===============> 0x78352D404896602b1A5fE58781EBaC4f6d7211C7
INCREMENTED COMMIT ID
BigNumber.toString does not accept any parameters; base-10 is assumed
UPDATED RANDOM SEED
Success ==================================== 
default account===============> 0x78352D404896602b1A5fE58781EBaC4f6d7211C7
INCREMENTED COMMIT ID
BigNumber.toString does not accept any parameters; base-10 is assumed
UPDATED RANDOM SEED
Success ==================================== 
default account===============> 0x78352D404896602b1A5fE58781EBaC4f6d7211C7
INCREMENTED COMMIT ID
BigNumber.toString does not accept any parameters; base-10 is assumed
UPDATED RANDOM SEED
Success ==================================== 
default account===============> 0x78352D404896602b1A5fE58781EBaC4f6d7211C7
INCREMENTED COMMIT ID
BigNumber.toString does not accept any parameters; base-10 is assumed
UPDATED RANDOM SEED
Success ==================================== 
default account===============> 0x78352D404896602b1A5fE58781EBaC4f6d7211C7
INCREMENTED COMMIT ID
BigNumber.toString does not accept any parameters; base-10 is assumed
UPDATED RANDOM SEED
Success ==================================== 
default account===============> 0x78352D404896602b1A5fE58781EBaC4f6d7211C7
INCREMENTED COMMIT ID
BigNumber.toString does not accept any parameters; base-10 is assumed
UPDATED RANDOM SEED
Success ==================================== 
default account===============> 0x78352D404896602b1A5fE58781EBaC4f6d7211C7
INCREMENTED COMMIT ID
BigNumber.toString does not accept any parameters; base-10 is assumed
UPDATED RANDOM SEED
Success ==================================== 
default account===============> 0x78352D404896602b1A5fE58781EBaC4f6d7211C7
INCREMENTED COMMIT ID
BigNumber.toString does not accept any parameters; base-10 is assumed
UPDATED RANDOM SEED
Success ==================================== 
default account===============> 0x78352D404896602b1A5fE58781EBaC4f6d7211C7
INCREMENTED COMMIT ID
BigNumber.toString does not accept any parameters; base-10 is assumed
UPDATED RANDOM SEED
Success ==================================== 
default account===============> 0x78352D404896602b1A5fE58781EBaC4f6d7211C7
INCREMENTED COMMIT ID
BigNumber.toString does not accept any parameters; base-10 is assumed
UPDATED RANDOM SEED
Success ==================================== 
default account===============> 0x78352D404896602b1A5fE58781EBaC4f6d7211C7
INCREMENTED COMMIT ID
BigNumber.toString does not accept any parameters; base-10 is assumed
UPDATED RANDOM SEED
Success ==================================== 
default account===============> 0x78352D404896602b1A5fE58781EBaC4f6d7211C7
INCREMENTED COMMIT ID
BigNumber.toString does not accept any parameters; base-10 is assumed
UPDATED RANDOM SEED
Success ==================================== 
default account===============> 0x78352D404896602b1A5fE58781EBaC4f6d7211C7
BigNumber.toString does not accept any parameters; base-10 is assumed
Error ===================================  Error: Returned error: replacement transaction underpriced
    at Object.ErrorResponse (/Users/hyun/dev/catmousegame/node-server/node_modules/web3-core-helpers/lib/errors.js:28:19)
    at Object.callback (/Users/hyun/dev/catmousegame/node-server/node_modules/web3-core-requestmanager/lib/index.js:302:36)
    at /Users/hyun/dev/catmousegame/node-server/node_modules/web3-providers-ws/lib/index.js:114:45
    at Array.forEach (<anonymous>)
    at WebsocketProvider._onMessage (/Users/hyun/dev/catmousegame/node-server/node_modules/web3-providers-ws/lib/index.js:102:69)
    at W3CWebSocket._dispatchEvent [as dispatchEvent] (/Users/hyun/dev/catmousegame/node-server/node_modules/yaeti/lib/EventTarget.js:115:12)
    at W3CWebSocket.onMessage (/Users/hyun/dev/catmousegame/node-server/node_modules/websocket/lib/W3CWebSocket.js:234:14)
    at WebSocketConnection.<anonymous> (/Users/hyun/dev/catmousegame/node-server/node_modules/websocket/lib/W3CWebSocket.js:205:19)
    at WebSocketConnection.emit (node:events:390:28)
    at WebSocketConnection.processFrame (/Users/hyun/dev/catmousegame/node-server/node_modules/websocket/lib/WebSocketConnection.js:554:26)
    at /Users/hyun/dev/catmousegame/node-server/node_modules/websocket/lib/WebSocketConnection.js:323:40
    at processTicksAndRejections (node:internal/process/task_queues:78:11) {
  data: null
}
default account===============> 0x78352D404896602b1A5fE58781EBaC4f6d7211C7
BigNumber.toString does not accept any parameters; base-10 is assumed
Error ===================================  Error: Returned error: replacement transaction underpriced
    at Object.ErrorResponse (/Users/hyun/dev/catmousegame/node-server/node_modules/web3-core-helpers/lib/errors.js:28:19)
    at Object.callback (/Users/hyun/dev/catmousegame/node-server/node_modules/web3-core-requestmanager/lib/index.js:302:36)
    at /Users/hyun/dev/catmousegame/node-server/node_modules/web3-providers-ws/lib/index.js:114:45
    at Array.forEach (<anonymous>)
    at WebsocketProvider._onMessage (/Users/hyun/dev/catmousegame/node-server/node_modules/web3-providers-ws/lib/index.js:102:69)
    at W3CWebSocket._dispatchEvent [as dispatchEvent] (/Users/hyun/dev/catmousegame/node-server/node_modules/yaeti/lib/EventTarget.js:115:12)
    at W3CWebSocket.onMessage (/Users/hyun/dev/catmousegame/node-server/node_modules/websocket/lib/W3CWebSocket.js:234:14)
    at WebSocketConnection.<anonymous> (/Users/hyun/dev/catmousegame/node-server/node_modules/websocket/lib/W3CWebSocket.js:205:19)
    at WebSocketConnection.emit (node:events:390:28)
    at WebSocketConnection.processFrame (/Users/hyun/dev/catmousegame/node-server/node_modules/websocket/lib/WebSocketConnection.js:554:26)
    at /Users/hyun/dev/catmousegame/node-server/node_modules/websocket/lib/WebSocketConnection.js:323:40
    at processTicksAndRejections (node:internal/process/task_queues:78:11) {
  data: null
}
default account===============> 0x78352D404896602b1A5fE58781EBaC4f6d7211C7
INCREMENTED COMMIT ID
BigNumber.toString does not accept any parameters; base-10 is assumed
UPDATED RANDOM SEED
Success ==================================== 
default account===============> 0x78352D404896602b1A5fE58781EBaC4f6d7211C7
INCREMENTED COMMIT ID
BigNumber.toString does not accept any parameters; base-10 is assumed
UPDATED RANDOM SEED
Success ==================================== 
default account===============> 0x78352D404896602b1A5fE58781EBaC4f6d7211C7
INCREMENTED COMMIT ID
BigNumber.toString does not accept any parameters; base-10 is assumed
UPDATED RANDOM SEED
Success ==================================== 
default account===============> 0x78352D404896602b1A5fE58781EBaC4f6d7211C7
INCREMENTED COMMIT ID
BigNumber.toString does not accept any parameters; base-10 is assumed
UPDATED RANDOM SEED
Success ==================================== 
default account===============> 0x78352D404896602b1A5fE58781EBaC4f6d7211C7
INCREMENTED COMMIT ID
BigNumber.toString does not accept any parameters; base-10 is assumed
UPDATED RANDOM SEED
Success ==================================== 
default account===============> 0x78352D404896602b1A5fE58781EBaC4f6d7211C7
INCREMENTED COMMIT ID
BigNumber.toString does not accept any parameters; base-10 is assumed
UPDATED RANDOM SEED
Success ==================================== 
default account===============> 0x78352D404896602b1A5fE58781EBaC4f6d7211C7
INCREMENTED COMMIT ID
BigNumber.toString does not accept any parameters; base-10 is assumed
UPDATED RANDOM SEED
Success ==================================== 
default account===============> 0x78352D404896602b1A5fE58781EBaC4f6d7211C7
INCREMENTED COMMIT ID
BigNumber.toString does not accept any parameters; base-10 is assumed
UPDATED RANDOM SEED
Success ==================================== 
default account===============> 0x78352D404896602b1A5fE58781EBaC4f6d7211C7
INCREMENTED COMMIT ID
BigNumber.toString does not accept any parameters; base-10 is assumed
UPDATED RANDOM SEED
Success ==================================== 
default account===============> 0x78352D404896602b1A5fE58781EBaC4f6d7211C7
INCREMENTED COMMIT ID
BigNumber.toString does not accept any parameters; base-10 is assumed
UPDATED RANDOM SEED
Success ==================================== 
default account===============> 0x78352D404896602b1A5fE58781EBaC4f6d7211C7
INCREMENTED COMMIT ID
BigNumber.toString does not accept any parameters; base-10 is assumed
UPDATED RANDOM SEED
Success ==================================== 
default account===============> 0x78352D404896602b1A5fE58781EBaC4f6d7211C7
INCREMENTED COMMIT ID
BigNumber.toString does not accept any parameters; base-10 is assumed
UPDATED RANDOM SEED
Success ==================================== 
default account===============> 0x78352D404896602b1A5fE58781EBaC4f6d7211C7
INCREMENTED COMMIT ID
BigNumber.toString does not accept any parameters; base-10 is assumed
UPDATED RANDOM SEED
Success ==================================== 
default account===============> 0x78352D404896602b1A5fE58781EBaC4f6d7211C7
default account===============> 0x78352D404896602b1A5fE58781EBaC4f6d7211C7
BigNumber.toString does not accept any parameters; base-10 is assumed
Error ===================================  Error: Returned error: replacement transaction underpriced
    at Object.ErrorResponse (/Users/hyun/dev/catmousegame/node-server/node_modules/web3-core-helpers/lib/errors.js:28:19)
    at Object.callback (/Users/hyun/dev/catmousegame/node-server/node_modules/web3-core-requestmanager/lib/index.js:302:36)
    at /Users/hyun/dev/catmousegame/node-server/node_modules/web3-providers-ws/lib/index.js:114:45
    at Array.forEach (<anonymous>)
    at WebsocketProvider._onMessage (/Users/hyun/dev/catmousegame/node-server/node_modules/web3-providers-ws/lib/index.js:102:69)
    at W3CWebSocket._dispatchEvent [as dispatchEvent] (/Users/hyun/dev/catmousegame/node-server/node_modules/yaeti/lib/EventTarget.js:115:12)
    at W3CWebSocket.onMessage (/Users/hyun/dev/catmousegame/node-server/node_modules/websocket/lib/W3CWebSocket.js:234:14)
    at WebSocketConnection.<anonymous> (/Users/hyun/dev/catmousegame/node-server/node_modules/websocket/lib/W3CWebSocket.js:205:19)
    at WebSocketConnection.emit (node:events:390:28)
    at WebSocketConnection.processFrame (/Users/hyun/dev/catmousegame/node-server/node_modules/websocket/lib/WebSocketConnection.js:554:26)
    at /Users/hyun/dev/catmousegame/node-server/node_modules/websocket/lib/WebSocketConnection.js:323:40
    at processTicksAndRejections (node:internal/process/task_queues:78:11) {
  data: null
}
BigNumber.toString does not accept any parameters; base-10 is assumed
UPDATED RANDOM SEED
Success ==================================== 
default account===============> 0x78352D404896602b1A5fE58781EBaC4f6d7211C7
INCREMENTED COMMIT ID
BigNumber.toString does not accept any parameters; base-10 is assumed
UPDATED RANDOM SEED
Success ==================================== 
default account===============> 0x78352D404896602b1A5fE58781EBaC4f6d7211C7
INCREMENTED COMMIT ID
BigNumber.toString does not accept any parameters; base-10 is assumed
UPDATED RANDOM SEED
Success ==================================== 
default account===============> 0x78352D404896602b1A5fE58781EBaC4f6d7211C7
INCREMENTED COMMIT ID
BigNumber.toString does not accept any parameters; base-10 is assumed
UPDATED RANDOM SEED
Success ==================================== 
default account===============> 0x78352D404896602b1A5fE58781EBaC4f6d7211C7
INCREMENTED COMMIT ID
BigNumber.toString does not accept any parameters; base-10 is assumed
UPDATED RANDOM SEED
Success ==================================== 
default account===============> 0x78352D404896602b1A5fE58781EBaC4f6d7211C7
INCREMENTED COMMIT ID
BigNumber.toString does not accept any parameters; base-10 is assumed
UPDATED RANDOM SEED
Success ==================================== 
default account===============> 0x78352D404896602b1A5fE58781EBaC4f6d7211C7
INCREMENTED COMMIT ID
BigNumber.toString does not accept any parameters; base-10 is assumed
UPDATED RANDOM SEED
Success ==================================== 
default account===============> 0x78352D404896602b1A5fE58781EBaC4f6d7211C7
INCREMENTED COMMIT ID
BigNumber.toString does not accept any parameters; base-10 is assumed
UPDATED RANDOM SEED
Success ==================================== 
default account===============> 0x78352D404896602b1A5fE58781EBaC4f6d7211C7
INCREMENTED COMMIT ID
BigNumber.toString does not accept any parameters; base-10 is assumed
UPDATED RANDOM SEED
Success ==================================== 
default account===============> 0x78352D404896602b1A5fE58781EBaC4f6d7211C7
INCREMENTED COMMIT ID
BigNumber.toString does not accept any parameters; base-10 is assumed
UPDATED RANDOM SEED
Success ==================================== 
default account===============> 0x78352D404896602b1A5fE58781EBaC4f6d7211C7
INCREMENTED COMMIT ID
BigNumber.toString does not accept any parameters; base-10 is assumed
UPDATED RANDOM SEED
Success ==================================== 
default account===============> 0x78352D404896602b1A5fE58781EBaC4f6d7211C7
INCREMENTED COMMIT ID
BigNumber.toString does not accept any parameters; base-10 is assumed
UPDATED RANDOM SEED
Success ==================================== 
default account===============> 0x78352D404896602b1A5fE58781EBaC4f6d7211C7
INCREMENTED COMMIT ID
BigNumber.toString does not accept any parameters; base-10 is assumed
UPDATED RANDOM SEED
Success ==================================== 
default account===============> 0x78352D404896602b1A5fE58781EBaC4f6d7211C7
BigNumber.toString does not accept any parameters; base-10 is assumed
Error ===================================  Error: Returned error: nonce too low
    at Object.ErrorResponse (/Users/hyun/dev/catmousegame/node-server/node_modules/web3-core-helpers/lib/errors.js:28:19)
    at Object.callback (/Users/hyun/dev/catmousegame/node-server/node_modules/web3-core-requestmanager/lib/index.js:302:36)
    at /Users/hyun/dev/catmousegame/node-server/node_modules/web3-providers-ws/lib/index.js:114:45
    at Array.forEach (<anonymous>)
    at WebsocketProvider._onMessage (/Users/hyun/dev/catmousegame/node-server/node_modules/web3-providers-ws/lib/index.js:102:69)
    at W3CWebSocket._dispatchEvent [as dispatchEvent] (/Users/hyun/dev/catmousegame/node-server/node_modules/yaeti/lib/EventTarget.js:115:12)
    at W3CWebSocket.onMessage (/Users/hyun/dev/catmousegame/node-server/node_modules/websocket/lib/W3CWebSocket.js:234:14)
    at WebSocketConnection.<anonymous> (/Users/hyun/dev/catmousegame/node-server/node_modules/websocket/lib/W3CWebSocket.js:205:19)
    at WebSocketConnection.emit (node:events:390:28)
    at WebSocketConnection.processFrame (/Users/hyun/dev/catmousegame/node-server/node_modules/websocket/lib/WebSocketConnection.js:554:26)
    at /Users/hyun/dev/catmousegame/node-server/node_modules/websocket/lib/WebSocketConnection.js:323:40
    at processTicksAndRejections (node:internal/process/task_queues:78:11) {
  data: null
}
default account===============> 0x78352D404896602b1A5fE58781EBaC4f6d7211C7
INCREMENTED COMMIT ID
BigNumber.toString does not accept any parameters; base-10 is assumed
UPDATED RANDOM SEED
Success ==================================== 
default account===============> 0x78352D404896602b1A5fE58781EBaC4f6d7211C7
BigNumber.toString does not accept any parameters; base-10 is assumed
Error ===================================  Error: Returned error: replacement transaction underpriced
    at Object.ErrorResponse (/Users/hyun/dev/catmousegame/node-server/node_modules/web3-core-helpers/lib/errors.js:28:19)
    at Object.callback (/Users/hyun/dev/catmousegame/node-server/node_modules/web3-core-requestmanager/lib/index.js:302:36)
    at /Users/hyun/dev/catmousegame/node-server/node_modules/web3-providers-ws/lib/index.js:114:45
    at Array.forEach (<anonymous>)
    at WebsocketProvider._onMessage (/Users/hyun/dev/catmousegame/node-server/node_modules/web3-providers-ws/lib/index.js:102:69)
    at W3CWebSocket._dispatchEvent [as dispatchEvent] (/Users/hyun/dev/catmousegame/node-server/node_modules/yaeti/lib/EventTarget.js:115:12)
    at W3CWebSocket.onMessage (/Users/hyun/dev/catmousegame/node-server/node_modules/websocket/lib/W3CWebSocket.js:234:14)
    at WebSocketConnection.<anonymous> (/Users/hyun/dev/catmousegame/node-server/node_modules/websocket/lib/W3CWebSocket.js:205:19)
    at WebSocketConnection.emit (node:events:390:28)
    at WebSocketConnection.processFrame (/Users/hyun/dev/catmousegame/node-server/node_modules/websocket/lib/WebSocketConnection.js:554:26)
    at /Users/hyun/dev/catmousegame/node-server/node_modules/websocket/lib/WebSocketConnection.js:323:40
    at processTicksAndRejections (node:internal/process/task_queues:78:11) {
  data: null
}
default account===============> 0x78352D404896602b1A5fE58781EBaC4f6d7211C7
INCREMENTED COMMIT ID
BigNumber.toString does not accept any parameters; base-10 is assumed
UPDATED RANDOM SEED
Success ==================================== 
default account===============> 0x78352D404896602b1A5fE58781EBaC4f6d7211C7
INCREMENTED COMMIT ID
BigNumber.toString does not accept any parameters; base-10 is assumed
UPDATED RANDOM SEED
Success ==================================== 
default account===============> 0x78352D404896602b1A5fE58781EBaC4f6d7211C7
INCREMENTED COMMIT ID
BigNumber.toString does not accept any parameters; base-10 is assumed
UPDATED RANDOM SEED
Success ==================================== 
default account===============> 0x78352D404896602b1A5fE58781EBaC4f6d7211C7
INCREMENTED COMMIT ID
BigNumber.toString does not accept any parameters; base-10 is assumed
UPDATED RANDOM SEED
Success ==================================== 
default account===============> 0x78352D404896602b1A5fE58781EBaC4f6d7211C7
BigNumber.toString does not accept any parameters; base-10 is assumed
Error ===================================  Error: Returned error: replacement transaction underpriced
    at Object.ErrorResponse (/Users/hyun/dev/catmousegame/node-server/node_modules/web3-core-helpers/lib/errors.js:28:19)
    at Object.callback (/Users/hyun/dev/catmousegame/node-server/node_modules/web3-core-requestmanager/lib/index.js:302:36)
    at /Users/hyun/dev/catmousegame/node-server/node_modules/web3-providers-ws/lib/index.js:114:45
    at Array.forEach (<anonymous>)
    at WebsocketProvider._onMessage (/Users/hyun/dev/catmousegame/node-server/node_modules/web3-providers-ws/lib/index.js:102:69)
    at W3CWebSocket._dispatchEvent [as dispatchEvent] (/Users/hyun/dev/catmousegame/node-server/node_modules/yaeti/lib/EventTarget.js:115:12)
    at W3CWebSocket.onMessage (/Users/hyun/dev/catmousegame/node-server/node_modules/websocket/lib/W3CWebSocket.js:234:14)
    at WebSocketConnection.<anonymous> (/Users/hyun/dev/catmousegame/node-server/node_modules/websocket/lib/W3CWebSocket.js:205:19)
    at WebSocketConnection.emit (node:events:390:28)
    at WebSocketConnection.processFrame (/Users/hyun/dev/catmousegame/node-server/node_modules/websocket/lib/WebSocketConnection.js:554:26)
    at /Users/hyun/dev/catmousegame/node-server/node_modules/websocket/lib/WebSocketConnection.js:323:40
    at processTicksAndRejections (node:internal/process/task_queues:78:11) {
  data: null
}
default account===============> 0x78352D404896602b1A5fE58781EBaC4f6d7211C7
INCREMENTED COMMIT ID
BigNumber.toString does not accept any parameters; base-10 is assumed
UPDATED RANDOM SEED
Success ==================================== 
default account===============> 0x78352D404896602b1A5fE58781EBaC4f6d7211C7
BigNumber.toString does not accept any parameters; base-10 is assumed
Error ===================================  Error: connection not open on send()
    at Object.ConnectionError (/Users/hyun/dev/catmousegame/node-server/node_modules/web3-core-helpers/lib/errors.js:66:23)
    at Object.ConnectionNotOpenError (/Users/hyun/dev/catmousegame/node-server/node_modules/web3-core-helpers/lib/errors.js:49:21)
    at WebsocketProvider.send (/Users/hyun/dev/catmousegame/node-server/node_modules/web3-providers-ws/lib/index.js:269:33)
    at RequestManager.send (/Users/hyun/dev/catmousegame/node-server/node_modules/web3-core-requestmanager/lib/index.js:161:23)
    at sendRequest (/Users/hyun/dev/catmousegame/node-server/node_modules/web3-core-method/lib/index.js:623:42)
    at send (/Users/hyun/dev/catmousegame/node-server/node_modules/web3-core-method/lib/index.js:655:13)
    at Object._executeMethod (/Users/hyun/dev/catmousegame/node-server/node_modules/web3-eth-contract/lib/index.js:778:20)
    at updateRandom (/Users/hyun/dev/catmousegame/node-server/update-random.js:44:60)
    at main (/Users/hyun/dev/catmousegame/node-server/update-random.js:96:11)
    at runNextTicks (node:internal/process/task_queues:61:5)
    at listOnTimeout (node:internal/timers:526:9)
    at processTimers (node:internal/timers:500:7)
default account===============> 0x78352D404896602b1A5fE58781EBaC4f6d7211C7
INCREMENTED COMMIT ID
BigNumber.toString does not accept any parameters; base-10 is assumed
UPDATED RANDOM SEED
Success ==================================== 
default account===============> 0x78352D404896602b1A5fE58781EBaC4f6d7211C7
BigNumber.toString does not accept any parameters; base-10 is assumed
Error ===================================  Error: Returned error: replacement transaction underpriced
    at Object.ErrorResponse (/Users/hyun/dev/catmousegame/node-server/node_modules/web3-core-helpers/lib/errors.js:28:19)
    at Object.callback (/Users/hyun/dev/catmousegame/node-server/node_modules/web3-core-requestmanager/lib/index.js:302:36)
    at /Users/hyun/dev/catmousegame/node-server/node_modules/web3-providers-ws/lib/index.js:114:45
    at Array.forEach (<anonymous>)
    at WebsocketProvider._onMessage (/Users/hyun/dev/catmousegame/node-server/node_modules/web3-providers-ws/lib/index.js:102:69)
    at W3CWebSocket._dispatchEvent [as dispatchEvent] (/Users/hyun/dev/catmousegame/node-server/node_modules/yaeti/lib/EventTarget.js:115:12)
    at W3CWebSocket.onMessage (/Users/hyun/dev/catmousegame/node-server/node_modules/websocket/lib/W3CWebSocket.js:234:14)
    at WebSocketConnection.<anonymous> (/Users/hyun/dev/catmousegame/node-server/node_modules/websocket/lib/W3CWebSocket.js:205:19)
    at WebSocketConnection.emit (node:events:390:28)
    at WebSocketConnection.processFrame (/Users/hyun/dev/catmousegame/node-server/node_modules/websocket/lib/WebSocketConnection.js:554:26)
    at /Users/hyun/dev/catmousegame/node-server/node_modules/websocket/lib/WebSocketConnection.js:323:40
    at processTicksAndRejections (node:internal/process/task_queues:78:11) {
  data: null
}
default account===============> 0x78352D404896602b1A5fE58781EBaC4f6d7211C7
INCREMENTED COMMIT ID
BigNumber.toString does not accept any parameters; base-10 is assumed
UPDATED RANDOM SEED
Success ==================================== 
default account===============> 0x78352D404896602b1A5fE58781EBaC4f6d7211C7
INCREMENTED COMMIT ID
BigNumber.toString does not accept any parameters; base-10 is assumed
UPDATED RANDOM SEED
Success ==================================== 
default account===============> 0x78352D404896602b1A5fE58781EBaC4f6d7211C7
BigNumber.toString does not accept any parameters; base-10 is assumed
Error ===================================  Error: Returned error: replacement transaction underpriced
    at Object.ErrorResponse (/Users/hyun/dev/catmousegame/node-server/node_modules/web3-core-helpers/lib/errors.js:28:19)
    at Object.callback (/Users/hyun/dev/catmousegame/node-server/node_modules/web3-core-requestmanager/lib/index.js:302:36)
    at /Users/hyun/dev/catmousegame/node-server/node_modules/web3-providers-ws/lib/index.js:114:45
    at Array.forEach (<anonymous>)
    at WebsocketProvider._onMessage (/Users/hyun/dev/catmousegame/node-server/node_modules/web3-providers-ws/lib/index.js:102:69)
    at W3CWebSocket._dispatchEvent [as dispatchEvent] (/Users/hyun/dev/catmousegame/node-server/node_modules/yaeti/lib/EventTarget.js:115:12)
    at W3CWebSocket.onMessage (/Users/hyun/dev/catmousegame/node-server/node_modules/websocket/lib/W3CWebSocket.js:234:14)
    at WebSocketConnection.<anonymous> (/Users/hyun/dev/catmousegame/node-server/node_modules/websocket/lib/W3CWebSocket.js:205:19)
    at WebSocketConnection.emit (node:events:390:28)
    at WebSocketConnection.processFrame (/Users/hyun/dev/catmousegame/node-server/node_modules/websocket/lib/WebSocketConnection.js:554:26)
    at /Users/hyun/dev/catmousegame/node-server/node_modules/websocket/lib/WebSocketConnection.js:323:40
    at processTicksAndRejections (node:internal/process/task_queues:78:11) {
  data: null
}
default account===============> 0x78352D404896602b1A5fE58781EBaC4f6d7211C7
INCREMENTED COMMIT ID
BigNumber.toString does not accept any parameters; base-10 is assumed
UPDATED RANDOM SEED
Success ==================================== 
default account===============> 0x78352D404896602b1A5fE58781EBaC4f6d7211C7
BigNumber.toString does not accept any parameters; base-10 is assumed
Error ===================================  Error: Returned error: replacement transaction underpriced
    at Object.ErrorResponse (/Users/hyun/dev/catmousegame/node-server/node_modules/web3-core-helpers/lib/errors.js:28:19)
    at /Users/hyun/dev/catmousegame/node-server/node_modules/web3-core-requestmanager/lib/index.js:302:36
    at XMLHttpRequest.request.onreadystatechange (/Users/hyun/dev/catmousegame/node-server/node_modules/web3-providers-http/lib/index.js:98:13)
    at XMLHttpRequestEventTarget.dispatchEvent (/Users/hyun/dev/catmousegame/node-server/node_modules/xhr2-cookies/dist/xml-http-request-event-target.js:34:22)
    at XMLHttpRequest._setReadyState (/Users/hyun/dev/catmousegame/node-server/node_modules/xhr2-cookies/dist/xml-http-request.js:208:14)
    at XMLHttpRequest._onHttpResponseEnd (/Users/hyun/dev/catmousegame/node-server/node_modules/xhr2-cookies/dist/xml-http-request.js:318:14)
    at IncomingMessage.<anonymous> (/Users/hyun/dev/catmousegame/node-server/node_modules/xhr2-cookies/dist/xml-http-request.js:289:61)
    at IncomingMessage.emit (node:events:402:35)
    at endReadableNT (node:internal/streams/readable:1343:12)
    at processTicksAndRejections (node:internal/process/task_queues:83:21) {
  data: null
}
default account===============> 0x78352D404896602b1A5fE58781EBaC4f6d7211C7
INCREMENTED COMMIT ID
BigNumber.toString does not accept any parameters; base-10 is assumed
UPDATED RANDOM SEED
Success ==================================== 
default account===============> 0x78352D404896602b1A5fE58781EBaC4f6d7211C7
INCREMENTED COMMIT ID
BigNumber.toString does not accept any parameters; base-10 is assumed
UPDATED RANDOM SEED
Success ==================================== 
default account===============> 0x78352D404896602b1A5fE58781EBaC4f6d7211C7
INCREMENTED COMMIT ID
BigNumber.toString does not accept any parameters; base-10 is assumed
UPDATED RANDOM SEED
Success ==================================== 
default account===============> 0x78352D404896602b1A5fE58781EBaC4f6d7211C7
INCREMENTED COMMIT ID
BigNumber.toString does not accept any parameters; base-10 is assumed
UPDATED RANDOM SEED
Success ==================================== 
default account===============> 0x78352D404896602b1A5fE58781EBaC4f6d7211C7
BigNumber.toString does not accept any parameters; base-10 is assumed
Error ===================================  Error: Returned error: replacement transaction underpriced
    at Object.ErrorResponse (/Users/hyun/dev/catmousegame/node-server/node_modules/web3-core-helpers/lib/errors.js:28:19)
    at /Users/hyun/dev/catmousegame/node-server/node_modules/web3-core-requestmanager/lib/index.js:302:36
    at XMLHttpRequest.request.onreadystatechange (/Users/hyun/dev/catmousegame/node-server/node_modules/web3-providers-http/lib/index.js:98:13)
    at XMLHttpRequestEventTarget.dispatchEvent (/Users/hyun/dev/catmousegame/node-server/node_modules/xhr2-cookies/dist/xml-http-request-event-target.js:34:22)
    at XMLHttpRequest._setReadyState (/Users/hyun/dev/catmousegame/node-server/node_modules/xhr2-cookies/dist/xml-http-request.js:208:14)
    at XMLHttpRequest._onHttpResponseEnd (/Users/hyun/dev/catmousegame/node-server/node_modules/xhr2-cookies/dist/xml-http-request.js:318:14)
    at IncomingMessage.<anonymous> (/Users/hyun/dev/catmousegame/node-server/node_modules/xhr2-cookies/dist/xml-http-request.js:289:61)
    at IncomingMessage.emit (node:events:402:35)
    at endReadableNT (node:internal/streams/readable:1343:12)
    at processTicksAndRejections (node:internal/process/task_queues:83:21) {
  data: null
}
default account===============> 0x78352D404896602b1A5fE58781EBaC4f6d7211C7
INCREMENTED COMMIT ID
BigNumber.toString does not accept any parameters; base-10 is assumed
UPDATED RANDOM SEED
Success ==================================== 
default account===============> 0x78352D404896602b1A5fE58781EBaC4f6d7211C7
INCREMENTED COMMIT ID
BigNumber.toString does not accept any parameters; base-10 is assumed
UPDATED RANDOM SEED
Success ==================================== 
default account===============> 0x78352D404896602b1A5fE58781EBaC4f6d7211C7
INCREMENTED COMMIT ID
BigNumber.toString does not accept any parameters; base-10 is assumed
UPDATED RANDOM SEED
Success ==================================== 
default account===============> 0x78352D404896602b1A5fE58781EBaC4f6d7211C7
INCREMENTED COMMIT ID
BigNumber.toString does not accept any parameters; base-10 is assumed
UPDATED RANDOM SEED
Success ==================================== 
default account===============> 0x78352D404896602b1A5fE58781EBaC4f6d7211C7
BigNumber.toString does not accept any parameters; base-10 is assumed
Error ===================================  Error: Returned error: replacement transaction underpriced
    at Object.ErrorResponse (/Users/hyun/dev/catmousegame/node-server/node_modules/web3-core-helpers/lib/errors.js:28:19)
    at /Users/hyun/dev/catmousegame/node-server/node_modules/web3-core-requestmanager/lib/index.js:302:36
    at XMLHttpRequest.request.onreadystatechange (/Users/hyun/dev/catmousegame/node-server/node_modules/web3-providers-http/lib/index.js:98:13)
    at XMLHttpRequestEventTarget.dispatchEvent (/Users/hyun/dev/catmousegame/node-server/node_modules/xhr2-cookies/dist/xml-http-request-event-target.js:34:22)
    at XMLHttpRequest._setReadyState (/Users/hyun/dev/catmousegame/node-server/node_modules/xhr2-cookies/dist/xml-http-request.js:208:14)
    at XMLHttpRequest._onHttpResponseEnd (/Users/hyun/dev/catmousegame/node-server/node_modules/xhr2-cookies/dist/xml-http-request.js:318:14)
    at IncomingMessage.<anonymous> (/Users/hyun/dev/catmousegame/node-server/node_modules/xhr2-cookies/dist/xml-http-request.js:289:61)
    at IncomingMessage.emit (node:events:402:35)
    at endReadableNT (node:internal/streams/readable:1343:12)
    at processTicksAndRejections (node:internal/process/task_queues:83:21) {
  data: null
}
default account===============> 0x78352D404896602b1A5fE58781EBaC4f6d7211C7
BigNumber.toString does not accept any parameters; base-10 is assumed
Error ===================================  Error: Returned error: replacement transaction underpriced
    at Object.ErrorResponse (/Users/hyun/dev/catmousegame/node-server/node_modules/web3-core-helpers/lib/errors.js:28:19)
    at /Users/hyun/dev/catmousegame/node-server/node_modules/web3-core-requestmanager/lib/index.js:302:36
    at XMLHttpRequest.request.onreadystatechange (/Users/hyun/dev/catmousegame/node-server/node_modules/web3-providers-http/lib/index.js:98:13)
    at XMLHttpRequestEventTarget.dispatchEvent (/Users/hyun/dev/catmousegame/node-server/node_modules/xhr2-cookies/dist/xml-http-request-event-target.js:34:22)
    at XMLHttpRequest._setReadyState (/Users/hyun/dev/catmousegame/node-server/node_modules/xhr2-cookies/dist/xml-http-request.js:208:14)
    at XMLHttpRequest._onHttpResponseEnd (/Users/hyun/dev/catmousegame/node-server/node_modules/xhr2-cookies/dist/xml-http-request.js:318:14)
    at IncomingMessage.<anonymous> (/Users/hyun/dev/catmousegame/node-server/node_modules/xhr2-cookies/dist/xml-http-request.js:289:61)
    at IncomingMessage.emit (node:events:402:35)
    at endReadableNT (node:internal/streams/readable:1343:12)
    at processTicksAndRejections (node:internal/process/task_queues:83:21) {
  data: null
}
default account===============> 0x78352D404896602b1A5fE58781EBaC4f6d7211C7
INCREMENTED COMMIT ID
BigNumber.toString does not accept any parameters; base-10 is assumed
UPDATED RANDOM SEED
Success ==================================== 
default account===============> 0x78352D404896602b1A5fE58781EBaC4f6d7211C7
INCREMENTED COMMIT ID
BigNumber.toString does not accept any parameters; base-10 is assumed
UPDATED RANDOM SEED
Success ==================================== 
default account===============> 0x78352D404896602b1A5fE58781EBaC4f6d7211C7
INCREMENTED COMMIT ID
BigNumber.toString does not accept any parameters; base-10 is assumed
UPDATED RANDOM SEED
Success ==================================== 
default account===============> 0x78352D404896602b1A5fE58781EBaC4f6d7211C7
BigNumber.toString does not accept any parameters; base-10 is assumed
Error ===================================  Error: Returned error: replacement transaction underpriced
    at Object.ErrorResponse (/Users/hyun/dev/catmousegame/node-server/node_modules/web3-core-helpers/lib/errors.js:28:19)
    at /Users/hyun/dev/catmousegame/node-server/node_modules/web3-core-requestmanager/lib/index.js:302:36
    at XMLHttpRequest.request.onreadystatechange (/Users/hyun/dev/catmousegame/node-server/node_modules/web3-providers-http/lib/index.js:98:13)
    at XMLHttpRequestEventTarget.dispatchEvent (/Users/hyun/dev/catmousegame/node-server/node_modules/xhr2-cookies/dist/xml-http-request-event-target.js:34:22)
    at XMLHttpRequest._setReadyState (/Users/hyun/dev/catmousegame/node-server/node_modules/xhr2-cookies/dist/xml-http-request.js:208:14)
    at XMLHttpRequest._onHttpResponseEnd (/Users/hyun/dev/catmousegame/node-server/node_modules/xhr2-cookies/dist/xml-http-request.js:318:14)
    at IncomingMessage.<anonymous> (/Users/hyun/dev/catmousegame/node-server/node_modules/xhr2-cookies/dist/xml-http-request.js:289:61)
    at IncomingMessage.emit (node:events:402:35)
    at endReadableNT (node:internal/streams/readable:1343:12)
    at processTicksAndRejections (node:internal/process/task_queues:83:21) {
  data: null
}
default account===============> 0x78352D404896602b1A5fE58781EBaC4f6d7211C7
BigNumber.toString does not accept any parameters; base-10 is assumed
Error ===================================  Error: Returned error: replacement transaction underpriced
    at Object.ErrorResponse (/Users/hyun/dev/catmousegame/node-server/node_modules/web3-core-helpers/lib/errors.js:28:19)
    at /Users/hyun/dev/catmousegame/node-server/node_modules/web3-core-requestmanager/lib/index.js:302:36
    at XMLHttpRequest.request.onreadystatechange (/Users/hyun/dev/catmousegame/node-server/node_modules/web3-providers-http/lib/index.js:98:13)
    at XMLHttpRequestEventTarget.dispatchEvent (/Users/hyun/dev/catmousegame/node-server/node_modules/xhr2-cookies/dist/xml-http-request-event-target.js:34:22)
    at XMLHttpRequest._setReadyState (/Users/hyun/dev/catmousegame/node-server/node_modules/xhr2-cookies/dist/xml-http-request.js:208:14)
    at XMLHttpRequest._onHttpResponseEnd (/Users/hyun/dev/catmousegame/node-server/node_modules/xhr2-cookies/dist/xml-http-request.js:318:14)
    at IncomingMessage.<anonymous> (/Users/hyun/dev/catmousegame/node-server/node_modules/xhr2-cookies/dist/xml-http-request.js:289:61)
    at IncomingMessage.emit (node:events:402:35)
    at endReadableNT (node:internal/streams/readable:1343:12)
    at processTicksAndRejections (node:internal/process/task_queues:83:21) {
  data: null
}
default account===============> 0x78352D404896602b1A5fE58781EBaC4f6d7211C7
BigNumber.toString does not accept any parameters; base-10 is assumed
Error ===================================  Error: Returned error: replacement transaction underpriced
    at Object.ErrorResponse (/Users/hyun/dev/catmousegame/node-server/node_modules/web3-core-helpers/lib/errors.js:28:19)
    at /Users/hyun/dev/catmousegame/node-server/node_modules/web3-core-requestmanager/lib/index.js:302:36
    at XMLHttpRequest.request.onreadystatechange (/Users/hyun/dev/catmousegame/node-server/node_modules/web3-providers-http/lib/index.js:98:13)
    at XMLHttpRequestEventTarget.dispatchEvent (/Users/hyun/dev/catmousegame/node-server/node_modules/xhr2-cookies/dist/xml-http-request-event-target.js:34:22)
    at XMLHttpRequest._setReadyState (/Users/hyun/dev/catmousegame/node-server/node_modules/xhr2-cookies/dist/xml-http-request.js:208:14)
    at XMLHttpRequest._onHttpResponseEnd (/Users/hyun/dev/catmousegame/node-server/node_modules/xhr2-cookies/dist/xml-http-request.js:318:14)
    at IncomingMessage.<anonymous> (/Users/hyun/dev/catmousegame/node-server/node_modules/xhr2-cookies/dist/xml-http-request.js:289:61)
    at IncomingMessage.emit (node:events:402:35)
    at endReadableNT (node:internal/streams/readable:1343:12)
    at processTicksAndRejections (node:internal/process/task_queues:83:21) {
  data: null
}
default account===============> 0x78352D404896602b1A5fE58781EBaC4f6d7211C7
BigNumber.toString does not accept any parameters; base-10 is assumed
Error ===================================  Error: Returned error: replacement transaction underpriced
    at Object.ErrorResponse (/Users/hyun/dev/catmousegame/node-server/node_modules/web3-core-helpers/lib/errors.js:28:19)
    at /Users/hyun/dev/catmousegame/node-server/node_modules/web3-core-requestmanager/lib/index.js:302:36
    at XMLHttpRequest.request.onreadystatechange (/Users/hyun/dev/catmousegame/node-server/node_modules/web3-providers-http/lib/index.js:98:13)
    at XMLHttpRequestEventTarget.dispatchEvent (/Users/hyun/dev/catmousegame/node-server/node_modules/xhr2-cookies/dist/xml-http-request-event-target.js:34:22)
    at XMLHttpRequest._setReadyState (/Users/hyun/dev/catmousegame/node-server/node_modules/xhr2-cookies/dist/xml-http-request.js:208:14)
    at XMLHttpRequest._onHttpResponseEnd (/Users/hyun/dev/catmousegame/node-server/node_modules/xhr2-cookies/dist/xml-http-request.js:318:14)
    at IncomingMessage.<anonymous> (/Users/hyun/dev/catmousegame/node-server/node_modules/xhr2-cookies/dist/xml-http-request.js:289:61)
    at IncomingMessage.emit (node:events:402:35)
    at endReadableNT (node:internal/streams/readable:1343:12)
    at processTicksAndRejections (node:internal/process/task_queues:83:21) {
  data: null
}
default account===============> 0x78352D404896602b1A5fE58781EBaC4f6d7211C7
BigNumber.toString does not accept any parameters; base-10 is assumed
Error ===================================  Error: Returned error: replacement transaction underpriced
    at Object.ErrorResponse (/Users/hyun/dev/catmousegame/node-server/node_modules/web3-core-helpers/lib/errors.js:28:19)
    at /Users/hyun/dev/catmousegame/node-server/node_modules/web3-core-requestmanager/lib/index.js:302:36
    at XMLHttpRequest.request.onreadystatechange (/Users/hyun/dev/catmousegame/node-server/node_modules/web3-providers-http/lib/index.js:98:13)
    at XMLHttpRequestEventTarget.dispatchEvent (/Users/hyun/dev/catmousegame/node-server/node_modules/xhr2-cookies/dist/xml-http-request-event-target.js:34:22)
    at XMLHttpRequest._setReadyState (/Users/hyun/dev/catmousegame/node-server/node_modules/xhr2-cookies/dist/xml-http-request.js:208:14)
    at XMLHttpRequest._onHttpResponseEnd (/Users/hyun/dev/catmousegame/node-server/node_modules/xhr2-cookies/dist/xml-http-request.js:318:14)
    at IncomingMessage.<anonymous> (/Users/hyun/dev/catmousegame/node-server/node_modules/xhr2-cookies/dist/xml-http-request.js:289:61)
    at IncomingMessage.emit (node:events:402:35)
    at endReadableNT (node:internal/streams/readable:1343:12)
    at processTicksAndRejections (node:internal/process/task_queues:83:21) {
  data: null
}
default account===============> 0x78352D404896602b1A5fE58781EBaC4f6d7211C7
BigNumber.toString does not accept any parameters; base-10 is assumed
Error ===================================  Error: Returned error: replacement transaction underpriced
    at Object.ErrorResponse (/Users/hyun/dev/catmousegame/node-server/node_modules/web3-core-helpers/lib/errors.js:28:19)
    at /Users/hyun/dev/catmousegame/node-server/node_modules/web3-core-requestmanager/lib/index.js:302:36
    at XMLHttpRequest.request.onreadystatechange (/Users/hyun/dev/catmousegame/node-server/node_modules/web3-providers-http/lib/index.js:98:13)
    at XMLHttpRequestEventTarget.dispatchEvent (/Users/hyun/dev/catmousegame/node-server/node_modules/xhr2-cookies/dist/xml-http-request-event-target.js:34:22)
    at XMLHttpRequest._setReadyState (/Users/hyun/dev/catmousegame/node-server/node_modules/xhr2-cookies/dist/xml-http-request.js:208:14)
    at XMLHttpRequest._onHttpResponseEnd (/Users/hyun/dev/catmousegame/node-server/node_modules/xhr2-cookies/dist/xml-http-request.js:318:14)
    at IncomingMessage.<anonymous> (/Users/hyun/dev/catmousegame/node-server/node_modules/xhr2-cookies/dist/xml-http-request.js:289:61)
    at IncomingMessage.emit (node:events:402:35)
    at endReadableNT (node:internal/streams/readable:1343:12)
    at processTicksAndRejections (node:internal/process/task_queues:83:21) {
  data: null
}
default account===============> 0x78352D404896602b1A5fE58781EBaC4f6d7211C7
BigNumber.toString does not accept any parameters; base-10 is assumed
Error ===================================  Error: Returned error: replacement transaction underpriced
    at Object.ErrorResponse (/Users/hyun/dev/catmousegame/node-server/node_modules/web3-core-helpers/lib/errors.js:28:19)
    at /Users/hyun/dev/catmousegame/node-server/node_modules/web3-core-requestmanager/lib/index.js:302:36
    at XMLHttpRequest.request.onreadystatechange (/Users/hyun/dev/catmousegame/node-server/node_modules/web3-providers-http/lib/index.js:98:13)
    at XMLHttpRequestEventTarget.dispatchEvent (/Users/hyun/dev/catmousegame/node-server/node_modules/xhr2-cookies/dist/xml-http-request-event-target.js:34:22)
    at XMLHttpRequest._setReadyState (/Users/hyun/dev/catmousegame/node-server/node_modules/xhr2-cookies/dist/xml-http-request.js:208:14)
    at XMLHttpRequest._onHttpResponseEnd (/Users/hyun/dev/catmousegame/node-server/node_modules/xhr2-cookies/dist/xml-http-request.js:318:14)
    at IncomingMessage.<anonymous> (/Users/hyun/dev/catmousegame/node-server/node_modules/xhr2-cookies/dist/xml-http-request.js:289:61)
    at IncomingMessage.emit (node:events:402:35)
    at endReadableNT (node:internal/streams/readable:1343:12)
    at processTicksAndRejections (node:internal/process/task_queues:83:21) {
  data: null
}
default account===============> 0x78352D404896602b1A5fE58781EBaC4f6d7211C7
BigNumber.toString does not accept any parameters; base-10 is assumed
Error ===================================  Error: Returned error: replacement transaction underpriced
    at Object.ErrorResponse (/Users/hyun/dev/catmousegame/node-server/node_modules/web3-core-helpers/lib/errors.js:28:19)
    at /Users/hyun/dev/catmousegame/node-server/node_modules/web3-core-requestmanager/lib/index.js:302:36
    at XMLHttpRequest.request.onreadystatechange (/Users/hyun/dev/catmousegame/node-server/node_modules/web3-providers-http/lib/index.js:98:13)
    at XMLHttpRequestEventTarget.dispatchEvent (/Users/hyun/dev/catmousegame/node-server/node_modules/xhr2-cookies/dist/xml-http-request-event-target.js:34:22)
    at XMLHttpRequest._setReadyState (/Users/hyun/dev/catmousegame/node-server/node_modules/xhr2-cookies/dist/xml-http-request.js:208:14)
    at XMLHttpRequest._onHttpResponseEnd (/Users/hyun/dev/catmousegame/node-server/node_modules/xhr2-cookies/dist/xml-http-request.js:318:14)
    at IncomingMessage.<anonymous> (/Users/hyun/dev/catmousegame/node-server/node_modules/xhr2-cookies/dist/xml-http-request.js:289:61)
    at IncomingMessage.emit (node:events:402:35)
    at endReadableNT (node:internal/streams/readable:1343:12)
    at processTicksAndRejections (node:internal/process/task_queues:83:21) {
  data: null
}
default account===============> 0x78352D404896602b1A5fE58781EBaC4f6d7211C7
BigNumber.toString does not accept any parameters; base-10 is assumed
Error ===================================  Error: Returned error: replacement transaction underpriced
    at Object.ErrorResponse (/Users/hyun/dev/catmousegame/node-server/node_modules/web3-core-helpers/lib/errors.js:28:19)
    at /Users/hyun/dev/catmousegame/node-server/node_modules/web3-core-requestmanager/lib/index.js:302:36
    at XMLHttpRequest.request.onreadystatechange (/Users/hyun/dev/catmousegame/node-server/node_modules/web3-providers-http/lib/index.js:98:13)
    at XMLHttpRequestEventTarget.dispatchEvent (/Users/hyun/dev/catmousegame/node-server/node_modules/xhr2-cookies/dist/xml-http-request-event-target.js:34:22)
    at XMLHttpRequest._setReadyState (/Users/hyun/dev/catmousegame/node-server/node_modules/xhr2-cookies/dist/xml-http-request.js:208:14)
    at XMLHttpRequest._onHttpResponseEnd (/Users/hyun/dev/catmousegame/node-server/node_modules/xhr2-cookies/dist/xml-http-request.js:318:14)
    at IncomingMessage.<anonymous> (/Users/hyun/dev/catmousegame/node-server/node_modules/xhr2-cookies/dist/xml-http-request.js:289:61)
    at IncomingMessage.emit (node:events:402:35)
    at endReadableNT (node:internal/streams/readable:1343:12)
    at processTicksAndRejections (node:internal/process/task_queues:83:21) {
  data: null
}
default account===============> 0x78352D404896602b1A5fE58781EBaC4f6d7211C7
INCREMENTED COMMIT ID
BigNumber.toString does not accept any parameters; base-10 is assumed
UPDATED RANDOM SEED
Success ==================================== 
default account===============> 0x78352D404896602b1A5fE58781EBaC4f6d7211C7
BigNumber.toString does not accept any parameters; base-10 is assumed
Error ===================================  Error: Returned error: replacement transaction underpriced
    at Object.ErrorResponse (/Users/hyun/dev/catmousegame/node-server/node_modules/web3-core-helpers/lib/errors.js:28:19)
    at /Users/hyun/dev/catmousegame/node-server/node_modules/web3-core-requestmanager/lib/index.js:302:36
    at XMLHttpRequest.request.onreadystatechange (/Users/hyun/dev/catmousegame/node-server/node_modules/web3-providers-http/lib/index.js:98:13)
    at XMLHttpRequestEventTarget.dispatchEvent (/Users/hyun/dev/catmousegame/node-server/node_modules/xhr2-cookies/dist/xml-http-request-event-target.js:34:22)
    at XMLHttpRequest._setReadyState (/Users/hyun/dev/catmousegame/node-server/node_modules/xhr2-cookies/dist/xml-http-request.js:208:14)
    at XMLHttpRequest._onHttpResponseEnd (/Users/hyun/dev/catmousegame/node-server/node_modules/xhr2-cookies/dist/xml-http-request.js:318:14)
    at IncomingMessage.<anonymous> (/Users/hyun/dev/catmousegame/node-server/node_modules/xhr2-cookies/dist/xml-http-request.js:289:61)
    at IncomingMessage.emit (node:events:402:35)
    at endReadableNT (node:internal/streams/readable:1343:12)
    at processTicksAndRejections (node:internal/process/task_queues:83:21) {
  data: null
}
default account===============> 0x78352D404896602b1A5fE58781EBaC4f6d7211C7
INCREMENTED COMMIT ID
BigNumber.toString does not accept any parameters; base-10 is assumed
UPDATED RANDOM SEED
Success ==================================== 
default account===============> 0x78352D404896602b1A5fE58781EBaC4f6d7211C7
INCREMENTED COMMIT ID
BigNumber.toString does not accept any parameters; base-10 is assumed
UPDATED RANDOM SEED
Success ==================================== 
default account===============> 0x78352D404896602b1A5fE58781EBaC4f6d7211C7
INCREMENTED COMMIT ID
BigNumber.toString does not accept any parameters; base-10 is assumed
UPDATED RANDOM SEED
Success ==================================== 
default account===============> 0x78352D404896602b1A5fE58781EBaC4f6d7211C7
INCREMENTED COMMIT ID
BigNumber.toString does not accept any parameters; base-10 is assumed
UPDATED RANDOM SEED
Success ==================================== 
default account===============> 0x78352D404896602b1A5fE58781EBaC4f6d7211C7
BigNumber.toString does not accept any parameters; base-10 is assumed
Error ===================================  Error: Returned error: replacement transaction underpriced
    at Object.ErrorResponse (/Users/hyun/dev/catmousegame/node-server/node_modules/web3-core-helpers/lib/errors.js:28:19)
    at /Users/hyun/dev/catmousegame/node-server/node_modules/web3-core-requestmanager/lib/index.js:302:36
    at XMLHttpRequest.request.onreadystatechange (/Users/hyun/dev/catmousegame/node-server/node_modules/web3-providers-http/lib/index.js:98:13)
    at XMLHttpRequestEventTarget.dispatchEvent (/Users/hyun/dev/catmousegame/node-server/node_modules/xhr2-cookies/dist/xml-http-request-event-target.js:34:22)
    at XMLHttpRequest._setReadyState (/Users/hyun/dev/catmousegame/node-server/node_modules/xhr2-cookies/dist/xml-http-request.js:208:14)
    at XMLHttpRequest._onHttpResponseEnd (/Users/hyun/dev/catmousegame/node-server/node_modules/xhr2-cookies/dist/xml-http-request.js:318:14)
    at IncomingMessage.<anonymous> (/Users/hyun/dev/catmousegame/node-server/node_modules/xhr2-cookies/dist/xml-http-request.js:289:61)
    at IncomingMessage.emit (node:events:402:35)
    at endReadableNT (node:internal/streams/readable:1343:12)
    at processTicksAndRejections (node:internal/process/task_queues:83:21) {
  data: null
}
default account===============> 0x78352D404896602b1A5fE58781EBaC4f6d7211C7
INCREMENTED COMMIT ID
BigNumber.toString does not accept any parameters; base-10 is assumed
UPDATED RANDOM SEED
Success ==================================== 
default account===============> 0x78352D404896602b1A5fE58781EBaC4f6d7211C7
INCREMENTED COMMIT ID
BigNumber.toString does not accept any parameters; base-10 is assumed
UPDATED RANDOM SEED
Success ==================================== 
default account===============> 0x78352D404896602b1A5fE58781EBaC4f6d7211C7
INCREMENTED COMMIT ID
BigNumber.toString does not accept any parameters; base-10 is assumed
UPDATED RANDOM SEED
Success ==================================== 
default account===============> 0x78352D404896602b1A5fE58781EBaC4f6d7211C7
INCREMENTED COMMIT ID
BigNumber.toString does not accept any parameters; base-10 is assumed
UPDATED RANDOM SEED
Success ==================================== 
default account===============> 0x78352D404896602b1A5fE58781EBaC4f6d7211C7
BigNumber.toString does not accept any parameters; base-10 is assumed
Error ===================================  Error: Returned error: nonce too low
    at Object.ErrorResponse (/Users/hyun/dev/catmousegame/node-server/node_modules/web3-core-helpers/lib/errors.js:28:19)
    at /Users/hyun/dev/catmousegame/node-server/node_modules/web3-core-requestmanager/lib/index.js:302:36
    at XMLHttpRequest.request.onreadystatechange (/Users/hyun/dev/catmousegame/node-server/node_modules/web3-providers-http/lib/index.js:98:13)
    at XMLHttpRequestEventTarget.dispatchEvent (/Users/hyun/dev/catmousegame/node-server/node_modules/xhr2-cookies/dist/xml-http-request-event-target.js:34:22)
    at XMLHttpRequest._setReadyState (/Users/hyun/dev/catmousegame/node-server/node_modules/xhr2-cookies/dist/xml-http-request.js:208:14)
    at XMLHttpRequest._onHttpResponseEnd (/Users/hyun/dev/catmousegame/node-server/node_modules/xhr2-cookies/dist/xml-http-request.js:318:14)
    at IncomingMessage.<anonymous> (/Users/hyun/dev/catmousegame/node-server/node_modules/xhr2-cookies/dist/xml-http-request.js:289:61)
    at IncomingMessage.emit (node:events:402:35)
    at endReadableNT (node:internal/streams/readable:1343:12)
    at processTicksAndRejections (node:internal/process/task_queues:83:21) {
  data: null
}
default account===============> 0x78352D404896602b1A5fE58781EBaC4f6d7211C7
INCREMENTED COMMIT ID
BigNumber.toString does not accept any parameters; base-10 is assumed
UPDATED RANDOM SEED
Success ==================================== 
default account===============> 0x78352D404896602b1A5fE58781EBaC4f6d7211C7
INCREMENTED COMMIT ID
BigNumber.toString does not accept any parameters; base-10 is assumed
UPDATED RANDOM SEED
Success ==================================== 
default account===============> 0x78352D404896602b1A5fE58781EBaC4f6d7211C7
INCREMENTED COMMIT ID
BigNumber.toString does not accept any parameters; base-10 is assumed
UPDATED RANDOM SEED
Success ==================================== 
default account===============> 0x78352D404896602b1A5fE58781EBaC4f6d7211C7
INCREMENTED COMMIT ID
BigNumber.toString does not accept any parameters; base-10 is assumed
UPDATED RANDOM SEED
Success ==================================== 
default account===============> 0x78352D404896602b1A5fE58781EBaC4f6d7211C7
BigNumber.toString does not accept any parameters; base-10 is assumed
Error ===================================  Error: Returned error: replacement transaction underpriced
    at Object.ErrorResponse (/Users/hyun/dev/catmousegame/node-server/node_modules/web3-core-helpers/lib/errors.js:28:19)
    at /Users/hyun/dev/catmousegame/node-server/node_modules/web3-core-requestmanager/lib/index.js:302:36
    at XMLHttpRequest.request.onreadystatechange (/Users/hyun/dev/catmousegame/node-server/node_modules/web3-providers-http/lib/index.js:98:13)
    at XMLHttpRequestEventTarget.dispatchEvent (/Users/hyun/dev/catmousegame/node-server/node_modules/xhr2-cookies/dist/xml-http-request-event-target.js:34:22)
    at XMLHttpRequest._setReadyState (/Users/hyun/dev/catmousegame/node-server/node_modules/xhr2-cookies/dist/xml-http-request.js:208:14)
    at XMLHttpRequest._onHttpResponseEnd (/Users/hyun/dev/catmousegame/node-server/node_modules/xhr2-cookies/dist/xml-http-request.js:318:14)
    at IncomingMessage.<anonymous> (/Users/hyun/dev/catmousegame/node-server/node_modules/xhr2-cookies/dist/xml-http-request.js:289:61)
    at IncomingMessage.emit (node:events:402:35)
    at endReadableNT (node:internal/streams/readable:1343:12)
    at processTicksAndRejections (node:internal/process/task_queues:83:21) {
  data: null
}
default account===============> 0x1FF7f3377Ece3A2a4DdD4ddAc6f84648dCC83D64
INCREMENTED COMMIT ID
BigNumber.toString does not accept any parameters; base-10 is assumed
UPDATED RANDOM SEED
Success ==================================== 
default account===============> 0x1FF7f3377Ece3A2a4DdD4ddAc6f84648dCC83D64
INCREMENTED COMMIT ID
BigNumber.toString does not accept any parameters; base-10 is assumed
UPDATED RANDOM SEED
Success ==================================== 
default account===============> 0x1FF7f3377Ece3A2a4DdD4ddAc6f84648dCC83D64
INCREMENTED COMMIT ID
BigNumber.toString does not accept any parameters; base-10 is assumed
UPDATED RANDOM SEED
Success ==================================== 
default account===============> 0x1FF7f3377Ece3A2a4DdD4ddAc6f84648dCC83D64
INCREMENTED COMMIT ID
BigNumber.toString does not accept any parameters; base-10 is assumed
UPDATED RANDOM SEED
Success ==================================== 
default account===============> 0x1FF7f3377Ece3A2a4DdD4ddAc6f84648dCC83D64
BigNumber.toString does not accept any parameters; base-10 is assumed
UPDATED RANDOM SEED
Success ==================================== 
default account===============> 0x1FF7f3377Ece3A2a4DdD4ddAc6f84648dCC83D64
INCREMENTED COMMIT ID
BigNumber.toString does not accept any parameters; base-10 is assumed
UPDATED RANDOM SEED
Success ==================================== 
default account===============> 0x1FF7f3377Ece3A2a4DdD4ddAc6f84648dCC83D64
INCREMENTED COMMIT ID
BigNumber.toString does not accept any parameters; base-10 is assumed
UPDATED RANDOM SEED
Success ==================================== 
default account===============> 0x1FF7f3377Ece3A2a4DdD4ddAc6f84648dCC83D64
BigNumber.toString does not accept any parameters; base-10 is assumed
UPDATED RANDOM SEED
Success ==================================== 
default account===============> 0x1FF7f3377Ece3A2a4DdD4ddAc6f84648dCC83D64
INCREMENTED COMMIT ID
BigNumber.toString does not accept any parameters; base-10 is assumed
UPDATED RANDOM SEED
Success ==================================== 
default account===============> 0x1FF7f3377Ece3A2a4DdD4ddAc6f84648dCC83D64
BigNumber.toString does not accept any parameters; base-10 is assumed
Error ===================================  Error: Returned error: replacement transaction underpriced
    at Object.ErrorResponse (/Users/hyun/dev/catmousegame/node-server/node_modules/web3-core-helpers/lib/errors.js:28:19)
    at /Users/hyun/dev/catmousegame/node-server/node_modules/web3-core-requestmanager/lib/index.js:302:36
    at XMLHttpRequest.request.onreadystatechange (/Users/hyun/dev/catmousegame/node-server/node_modules/web3-providers-http/lib/index.js:98:13)
    at XMLHttpRequestEventTarget.dispatchEvent (/Users/hyun/dev/catmousegame/node-server/node_modules/xhr2-cookies/dist/xml-http-request-event-target.js:34:22)
    at XMLHttpRequest._setReadyState (/Users/hyun/dev/catmousegame/node-server/node_modules/xhr2-cookies/dist/xml-http-request.js:208:14)
    at XMLHttpRequest._onHttpResponseEnd (/Users/hyun/dev/catmousegame/node-server/node_modules/xhr2-cookies/dist/xml-http-request.js:318:14)
    at IncomingMessage.<anonymous> (/Users/hyun/dev/catmousegame/node-server/node_modules/xhr2-cookies/dist/xml-http-request.js:289:61)
    at IncomingMessage.emit (node:events:402:35)
    at endReadableNT (node:internal/streams/readable:1343:12)
    at processTicksAndRejections (node:internal/process/task_queues:83:21) {
  data: null
}
default account===============> 0x1FF7f3377Ece3A2a4DdD4ddAc6f84648dCC83D64
INCREMENTED COMMIT ID
BigNumber.toString does not accept any parameters; base-10 is assumed
UPDATED RANDOM SEED
Success ==================================== 
default account===============> 0x1FF7f3377Ece3A2a4DdD4ddAc6f84648dCC83D64
INCREMENTED COMMIT ID
BigNumber.toString does not accept any parameters; base-10 is assumed
UPDATED RANDOM SEED
Success ==================================== 
default account===============> 0x1FF7f3377Ece3A2a4DdD4ddAc6f84648dCC83D64
INCREMENTED COMMIT ID
BigNumber.toString does not accept any parameters; base-10 is assumed
UPDATED RANDOM SEED
Success ==================================== 
default account===============> 0x1FF7f3377Ece3A2a4DdD4ddAc6f84648dCC83D64
INCREMENTED COMMIT ID
BigNumber.toString does not accept any parameters; base-10 is assumed
UPDATED RANDOM SEED
Success ==================================== 
default account===============> 0x1FF7f3377Ece3A2a4DdD4ddAc6f84648dCC83D64
BigNumber.toString does not accept any parameters; base-10 is assumed
Error ===================================  Error: Returned error: replacement transaction underpriced
    at Object.ErrorResponse (/Users/hyun/dev/catmousegame/node-server/node_modules/web3-core-helpers/lib/errors.js:28:19)
    at /Users/hyun/dev/catmousegame/node-server/node_modules/web3-core-requestmanager/lib/index.js:302:36
    at XMLHttpRequest.request.onreadystatechange (/Users/hyun/dev/catmousegame/node-server/node_modules/web3-providers-http/lib/index.js:98:13)
    at XMLHttpRequestEventTarget.dispatchEvent (/Users/hyun/dev/catmousegame/node-server/node_modules/xhr2-cookies/dist/xml-http-request-event-target.js:34:22)
    at XMLHttpRequest._setReadyState (/Users/hyun/dev/catmousegame/node-server/node_modules/xhr2-cookies/dist/xml-http-request.js:208:14)
    at XMLHttpRequest._onHttpResponseEnd (/Users/hyun/dev/catmousegame/node-server/node_modules/xhr2-cookies/dist/xml-http-request.js:318:14)
    at IncomingMessage.<anonymous> (/Users/hyun/dev/catmousegame/node-server/node_modules/xhr2-cookies/dist/xml-http-request.js:289:61)
    at IncomingMessage.emit (node:events:402:35)
    at endReadableNT (node:internal/streams/readable:1343:12)
    at processTicksAndRejections (node:internal/process/task_queues:83:21) {
  data: null
}
default account===============> 0x1FF7f3377Ece3A2a4DdD4ddAc6f84648dCC83D64
INCREMENTED COMMIT ID
BigNumber.toString does not accept any parameters; base-10 is assumed
UPDATED RANDOM SEED
Success ==================================== 
default account===============> 0x1FF7f3377Ece3A2a4DdD4ddAc6f84648dCC83D64
INCREMENTED COMMIT ID
BigNumber.toString does not accept any parameters; base-10 is assumed
UPDATED RANDOM SEED
Success ==================================== 
default account===============> 0x1FF7f3377Ece3A2a4DdD4ddAc6f84648dCC83D64
INCREMENTED COMMIT ID
BigNumber.toString does not accept any parameters; base-10 is assumed
UPDATED RANDOM SEED
Success ==================================== 
default account===============> 0x1FF7f3377Ece3A2a4DdD4ddAc6f84648dCC83D64
INCREMENTED COMMIT ID
BigNumber.toString does not accept any parameters; base-10 is assumed
UPDATED RANDOM SEED
Success ==================================== 
default account===============> 0x1FF7f3377Ece3A2a4DdD4ddAc6f84648dCC83D64
BigNumber.toString does not accept any parameters; base-10 is assumed
Error ===================================  Error: Returned error: replacement transaction underpriced
    at Object.ErrorResponse (/Users/hyun/dev/catmousegame/node-server/node_modules/web3-core-helpers/lib/errors.js:28:19)
    at /Users/hyun/dev/catmousegame/node-server/node_modules/web3-core-requestmanager/lib/index.js:302:36
    at XMLHttpRequest.request.onreadystatechange (/Users/hyun/dev/catmousegame/node-server/node_modules/web3-providers-http/lib/index.js:98:13)
    at XMLHttpRequestEventTarget.dispatchEvent (/Users/hyun/dev/catmousegame/node-server/node_modules/xhr2-cookies/dist/xml-http-request-event-target.js:34:22)
    at XMLHttpRequest._setReadyState (/Users/hyun/dev/catmousegame/node-server/node_modules/xhr2-cookies/dist/xml-http-request.js:208:14)
    at XMLHttpRequest._onHttpResponseEnd (/Users/hyun/dev/catmousegame/node-server/node_modules/xhr2-cookies/dist/xml-http-request.js:318:14)
    at IncomingMessage.<anonymous> (/Users/hyun/dev/catmousegame/node-server/node_modules/xhr2-cookies/dist/xml-http-request.js:289:61)
    at IncomingMessage.emit (node:events:402:35)
    at endReadableNT (node:internal/streams/readable:1343:12)
    at processTicksAndRejections (node:internal/process/task_queues:83:21) {
  data: null
}
default account===============> 0x1FF7f3377Ece3A2a4DdD4ddAc6f84648dCC83D64
INCREMENTED COMMIT ID
BigNumber.toString does not accept any parameters; base-10 is assumed
UPDATED RANDOM SEED
Success ==================================== 
default account===============> 0x1FF7f3377Ece3A2a4DdD4ddAc6f84648dCC83D64
INCREMENTED COMMIT ID
BigNumber.toString does not accept any parameters; base-10 is assumed
UPDATED RANDOM SEED
Success ==================================== 
default account===============> 0x1FF7f3377Ece3A2a4DdD4ddAc6f84648dCC83D64
INCREMENTED COMMIT ID
BigNumber.toString does not accept any parameters; base-10 is assumed
UPDATED RANDOM SEED
Success ==================================== 
default account===============> 0x1FF7f3377Ece3A2a4DdD4ddAc6f84648dCC83D64
INCREMENTED COMMIT ID
BigNumber.toString does not accept any parameters; base-10 is assumed
UPDATED RANDOM SEED
Success ==================================== 
default account===============> 0x1FF7f3377Ece3A2a4DdD4ddAc6f84648dCC83D64
BigNumber.toString does not accept any parameters; base-10 is assumed
Error ===================================  Error: Returned error: replacement transaction underpriced
    at Object.ErrorResponse (/Users/hyun/dev/catmousegame/node-server/node_modules/web3-core-helpers/lib/errors.js:28:19)
    at /Users/hyun/dev/catmousegame/node-server/node_modules/web3-core-requestmanager/lib/index.js:302:36
    at XMLHttpRequest.request.onreadystatechange (/Users/hyun/dev/catmousegame/node-server/node_modules/web3-providers-http/lib/index.js:98:13)
    at XMLHttpRequestEventTarget.dispatchEvent (/Users/hyun/dev/catmousegame/node-server/node_modules/xhr2-cookies/dist/xml-http-request-event-target.js:34:22)
    at XMLHttpRequest._setReadyState (/Users/hyun/dev/catmousegame/node-server/node_modules/xhr2-cookies/dist/xml-http-request.js:208:14)
    at XMLHttpRequest._onHttpResponseEnd (/Users/hyun/dev/catmousegame/node-server/node_modules/xhr2-cookies/dist/xml-http-request.js:318:14)
    at IncomingMessage.<anonymous> (/Users/hyun/dev/catmousegame/node-server/node_modules/xhr2-cookies/dist/xml-http-request.js:289:61)
    at IncomingMessage.emit (node:events:402:35)
    at endReadableNT (node:internal/streams/readable:1343:12)
    at processTicksAndRejections (node:internal/process/task_queues:83:21) {
  data: null
}
default account===============> 0x1FF7f3377Ece3A2a4DdD4ddAc6f84648dCC83D64
INCREMENTED COMMIT ID
BigNumber.toString does not accept any parameters; base-10 is assumed
UPDATED RANDOM SEED
Success ==================================== 
default account===============> 0x1FF7f3377Ece3A2a4DdD4ddAc6f84648dCC83D64
INCREMENTED COMMIT ID
BigNumber.toString does not accept any parameters; base-10 is assumed
UPDATED RANDOM SEED
Success ==================================== 
default account===============> 0x1FF7f3377Ece3A2a4DdD4ddAc6f84648dCC83D64
INCREMENTED COMMIT ID
BigNumber.toString does not accept any parameters; base-10 is assumed
UPDATED RANDOM SEED
Success ==================================== 
default account===============> 0x1FF7f3377Ece3A2a4DdD4ddAc6f84648dCC83D64
INCREMENTED COMMIT ID
BigNumber.toString does not accept any parameters; base-10 is assumed
UPDATED RANDOM SEED
Success ==================================== 
default account===============> 0x1FF7f3377Ece3A2a4DdD4ddAc6f84648dCC83D64
INCREMENTED COMMIT ID
BigNumber.toString does not accept any parameters; base-10 is assumed
UPDATED RANDOM SEED
Success ==================================== 
default account===============> 0x1FF7f3377Ece3A2a4DdD4ddAc6f84648dCC83D64
INCREMENTED COMMIT ID
BigNumber.toString does not accept any parameters; base-10 is assumed
UPDATED RANDOM SEED
Success ==================================== 
default account===============> 0x1FF7f3377Ece3A2a4DdD4ddAc6f84648dCC83D64
INCREMENTED COMMIT ID
BigNumber.toString does not accept any parameters; base-10 is assumed
UPDATED RANDOM SEED
Success ==================================== 
default account===============> 0x1FF7f3377Ece3A2a4DdD4ddAc6f84648dCC83D64
INCREMENTED COMMIT ID
BigNumber.toString does not accept any parameters; base-10 is assumed
UPDATED RANDOM SEED
Success ==================================== 
default account===============> 0x1FF7f3377Ece3A2a4DdD4ddAc6f84648dCC83D64
INCREMENTED COMMIT ID
BigNumber.toString does not accept any parameters; base-10 is assumed
UPDATED RANDOM SEED
Success ==================================== 
default account===============> 0x1FF7f3377Ece3A2a4DdD4ddAc6f84648dCC83D64
BigNumber.toString does not accept any parameters; base-10 is assumed
Error ===================================  Error: Returned error: replacement transaction underpriced
    at Object.ErrorResponse (/Users/hyun/dev/catmousegame/node-server/node_modules/web3-core-helpers/lib/errors.js:28:19)
    at /Users/hyun/dev/catmousegame/node-server/node_modules/web3-core-requestmanager/lib/index.js:302:36
    at XMLHttpRequest.request.onreadystatechange (/Users/hyun/dev/catmousegame/node-server/node_modules/web3-providers-http/lib/index.js:98:13)
    at XMLHttpRequestEventTarget.dispatchEvent (/Users/hyun/dev/catmousegame/node-server/node_modules/xhr2-cookies/dist/xml-http-request-event-target.js:34:22)
    at XMLHttpRequest._setReadyState (/Users/hyun/dev/catmousegame/node-server/node_modules/xhr2-cookies/dist/xml-http-request.js:208:14)
    at XMLHttpRequest._onHttpResponseEnd (/Users/hyun/dev/catmousegame/node-server/node_modules/xhr2-cookies/dist/xml-http-request.js:318:14)
    at IncomingMessage.<anonymous> (/Users/hyun/dev/catmousegame/node-server/node_modules/xhr2-cookies/dist/xml-http-request.js:289:61)
    at IncomingMessage.emit (node:events:402:35)
    at endReadableNT (node:internal/streams/readable:1343:12)
    at processTicksAndRejections (node:internal/process/task_queues:83:21) {
  data: null
}
default account===============> 0x1FF7f3377Ece3A2a4DdD4ddAc6f84648dCC83D64
INCREMENTED COMMIT ID
BigNumber.toString does not accept any parameters; base-10 is assumed
UPDATED RANDOM SEED
Success ==================================== 
